[LicensingClient] ERROR Failed to connect to local IPC
[Licensing::Module] Failed to connect to channel: LicenseClient-wwwsu
[Licensing::Module] Successfully launched the LicensingClient
[Licensing::Module] Successfully connected to LicensingClient on channel: LicenseClient-wwwsu
[Licensing::Module] Successfully launched and connected to LicensingClient
Entitlement-based licensing initiated
[LicensingClient] Licenses Updated successfully in LicensingClient

LICENSE SYSTEM [2021312 17:6:6] Next license update check is after 2021-02-09T08:20:03


LICENSE SYSTEM [2021312 17:6:6] Current license is already valid and activated. Skipping license activation process (Provided username/password will be ignored).
Built from '2019.4/staging' branch; Version is '2019.4.9f1 (50fe8a171dd9) revision 5308042'; Using compiler version '191627012'
OS: 'Windows 10  (10.0.0) 64bit' Language: 'zh' Physical Memory: 24406 MB
[Licensing::Module] Serial number assigned to: "SC-GNAP-3RQY-D6JG-F3CV-XXXX"\nBatchMode: 0, IsHumanControllingUs: 1, StartBugReporterOnCrash: 1, Is64bit: 1, IsPro: 1
[Package Manager] Server::Start -- Port 55321 was selected

 COMMAND LINE ARGUMENTS:
D:/Rex_editor/Editor/Unity.exe
-projectPath
D:/Project/JenkinsTest
-quit
-logFile
D:/Project/JenkinsTest/unityOpenLog.log
Successfully changed project path to: D:/Project/JenkinsTest
D:/Project/JenkinsTest
Using Asset Import Pipeline V2.
Adding genesis user token [Package Manager] Done resolving packages in 0.75s seconds
[Package Manager] Done checking package constraints in 0.01s seconds
[Package Manager] 
Registered 42 packages:
  Packages from [https://packages.unity.com]:
    com.unity.addressables@1.8.5 (location: D:\Project\JenkinsTest\Library\PackageCache\com.unity.addressables@1.8.5)
    com.unity.collab-proxy@1.2.16 (location: D:\Project\JenkinsTest\Library\PackageCache\com.unity.collab-proxy@1.2.16)
    com.unity.ide.rider@1.1.4 (location: D:\Project\JenkinsTest\Library\PackageCache\com.unity.ide.rider@1.1.4)
    com.unity.ide.vscode@1.2.1 (location: D:\Project\JenkinsTest\Library\PackageCache\com.unity.ide.vscode@1.2.1)
    com.unity.test-framework@1.1.16 (location: D:\Project\JenkinsTest\Library\PackageCache\com.unity.test-framework@1.1.16)
    com.unity.textmeshpro@2.1.1 (location: D:\Project\JenkinsTest\Library\PackageCache\com.unity.textmeshpro@2.1.1)
    com.unity.timeline@1.2.16 (location: D:\Project\JenkinsTest\Library\PackageCache\com.unity.timeline@1.2.16)
    com.unity.ext.nunit@1.0.0 (location: D:\Project\JenkinsTest\Library\PackageCache\com.unity.ext.nunit@1.0.0)
    com.unity.scriptablebuildpipeline@1.7.3 (location: D:\Project\JenkinsTest\Library\PackageCache\com.unity.scriptablebuildpipeline@1.7.3)
  Built-in packages:
    com.unity.ugui@1.0.0 (location: D:\Rex_editor\Editor\Data\Resources\PackageManager\BuiltInPackages\com.unity.ugui)
    com.unity.modules.ai@1.0.0 (location: D:\Rex_editor\Editor\Data\Resources\PackageManager\BuiltInPackages\com.unity.modules.ai)
    com.unity.modules.androidjni@1.0.0 (location: D:\Rex_editor\Editor\Data\Resources\PackageManager\BuiltInPackages\com.unity.modules.androidjni)
    com.unity.modules.animation@1.0.0 (location: D:\Rex_editor\Editor\Data\Resources\PackageManager\BuiltInPackages\com.unity.modules.animation)
    com.unity.modules.assetbundle@1.0.0 (location: D:\Rex_editor\Editor\Data\Resources\PackageManager\BuiltInPackages\com.unity.modules.assetbundle)
    com.unity.modules.audio@1.0.0 (location: D:\Rex_editor\Editor\Data\Resources\PackageManager\BuiltInPackages\com.unity.modules.audio)
    com.unity.modules.cloth@1.0.0 (location: D:\Rex_editor\Editor\Data\Resources\PackageManager\BuiltInPackages\com.unity.modules.cloth)
    com.unity.modules.director@1.0.0 (location: D:\Rex_editor\Editor\Data\Resources\PackageManager\BuiltInPackages\com.unity.modules.director)
    com.unity.modules.imageconversion@1.0.0 (location: D:\Rex_editor\Editor\Data\Resources\PackageManager\BuiltInPackages\com.unity.modules.imageconversion)
    com.unity.modules.imgui@1.0.0 (location: D:\Rex_editor\Editor\Data\Resources\PackageManager\BuiltInPackages\com.unity.modules.imgui)
    com.unity.modules.jsonserialize@1.0.0 (location: D:\Rex_editor\Editor\Data\Resources\PackageManager\BuiltInPackages\com.unity.modules.jsonserialize)
    com.unity.modules.particlesystem@1.0.0 (location: D:\Rex_editor\Editor\Data\Resources\PackageManager\BuiltInPackages\com.unity.modules.particlesystem)
    com.unity.modules.physics@1.0.0 (location: D:\Rex_editor\Editor\Data\Resources\PackageManager\BuiltInPackages\com.unity.modules.physics)
    com.unity.modules.physics2d@1.0.0 (location: D:\Rex_editor\Editor\Data\Resources\PackageManager\BuiltInPackages\com.unity.modules.physics2d)
    com.unity.modules.screencapture@1.0.0 (location: D:\Rex_editor\Editor\Data\Resources\PackageManager\BuiltInPackages\com.unity.modules.screencapture)
    com.unity.modules.terrain@1.0.0 (location: D:\Rex_editor\Editor\Data\Resources\PackageManager\BuiltInPackages\com.unity.modules.terrain)
    com.unity.modules.terrainphysics@1.0.0 (location: D:\Rex_editor\Editor\Data\Resources\PackageManager\BuiltInPackages\com.unity.modules.terrainphysics)
    com.unity.modules.tilemap@1.0.0 (location: D:\Rex_editor\Editor\Data\Resources\PackageManager\BuiltInPackages\com.unity.modules.tilemap)
    com.unity.modules.ui@1.0.0 (location: D:\Rex_editor\Editor\Data\Resources\PackageManager\BuiltInPackages\com.unity.modules.ui)
    com.unity.modules.uielements@1.0.0 (location: D:\Rex_editor\Editor\Data\Resources\PackageManager\BuiltInPackages\com.unity.modules.uielements)
    com.unity.modules.umbra@1.0.0 (location: D:\Rex_editor\Editor\Data\Resources\PackageManager\BuiltInPackages\com.unity.modules.umbra)
    com.unity.modules.unityanalytics@1.0.0 (location: D:\Rex_editor\Editor\Data\Resources\PackageManager\BuiltInPackages\com.unity.modules.unityanalytics)
    com.unity.modules.unitywebrequest@1.0.0 (location: D:\Rex_editor\Editor\Data\Resources\PackageManager\BuiltInPackages\com.unity.modules.unitywebrequest)
    com.unity.modules.unitywebrequestassetbundle@1.0.0 (location: D:\Rex_editor\Editor\Data\Resources\PackageManager\BuiltInPackages\com.unity.modules.unitywebrequestassetbundle)
    com.unity.modules.unitywebrequestaudio@1.0.0 (location: D:\Rex_editor\Editor\Data\Resources\PackageManager\BuiltInPackages\com.unity.modules.unitywebrequestaudio)
    com.unity.modules.unitywebrequesttexture@1.0.0 (location: D:\Rex_editor\Editor\Data\Resources\PackageManager\BuiltInPackages\com.unity.modules.unitywebrequesttexture)
    com.unity.modules.unitywebrequestwww@1.0.0 (location: D:\Rex_editor\Editor\Data\Resources\PackageManager\BuiltInPackages\com.unity.modules.unitywebrequestwww)
    com.unity.modules.vehicles@1.0.0 (location: D:\Rex_editor\Editor\Data\Resources\PackageManager\BuiltInPackages\com.unity.modules.vehicles)
    com.unity.modules.video@1.0.0 (location: D:\Rex_editor\Editor\Data\Resources\PackageManager\BuiltInPackages\com.unity.modules.video)
    com.unity.modules.vr@1.0.0 (location: D:\Rex_editor\Editor\Data\Resources\PackageManager\BuiltInPackages\com.unity.modules.vr)
    com.unity.modules.wind@1.0.0 (location: D:\Rex_editor\Editor\Data\Resources\PackageManager\BuiltInPackages\com.unity.modules.wind)
    com.unity.modules.xr@1.0.0 (location: D:\Rex_editor\Editor\Data\Resources\PackageManager\BuiltInPackages\com.unity.modules.xr)
    com.unity.modules.subsystems@1.0.0 (location: D:\Rex_editor\Editor\Data\Resources\PackageManager\BuiltInPackages\com.unity.modules.subsystems)

[Subsystems] No new subsystems found in resolved package list.
[Package Manager] Done registering packages in 0.76s seconds
Refreshing native plugins compatible for Editor in 82.26 ms, found 0 plugins.
Preloading 0 native plugins for Editor in 0.00 ms.
IsTimeToCheckForNewEditor: Update time 1615541999 current 1615539973
Initialize engine version: 2019.4.9f1 (50fe8a171dd9)
[Subsystems] Discovering subsystems at path D:/Rex_editor/Editor/Data/Resources/UnitySubsystems
[Subsystems] Discovering subsystems at path D:/Project/JenkinsTest/Assets
GfxDevice: creating device client; threaded=1
Direct3D:
    Version:  Direct3D 11.0 [level 11.1]
    Renderer: NVIDIA GeForce GTX 1650 (ID=0x1f82)
    Vendor:   
    VRAM:     3962 MB
    Driver:   26.21.14.4250
Initialize mono
Mono path[0] = 'D:/Rex_editor/Editor/Data/Managed'
Mono path[1] = 'D:/Rex_editor/Editor/Data/MonoBleedingEdge/lib/mono/unityjit'
Mono config path = 'D:/Rex_editor/Editor/Data/MonoBleedingEdge/etc'
Using monoOptions --debugger-agent=transport=dt_socket,embedding=1,server=y,suspend=n,address=127.0.0.1:56876
ImportWorker Server TCP listen port: 4296
Begin MonoManager ReloadAssembly
Registering precompiled unity dll's ...
Register platform support module: D:/Rex_editor/Editor/Data/PlaybackEngines/WindowsStandaloneSupport/UnityEditor.WindowsStandalone.Extensions.dll
Register platform support module: D:/Rex_editor/Editor/Data/PlaybackEngines/AndroidPlayer/UnityEditor.Android.Extensions.dll
Register platform support module: D:/Rex_editor/Editor/Data/PlaybackEngines/iOSSupport/UnityEditor.iOS.Extensions.dll
Registered in 0.048596 seconds.
Native extension for iOS target not found
Native extension for Android target not found
Native extension for WindowsStandalone target not found
Refreshing native plugins compatible for Editor in 17.82 ms, found 0 plugins.
Preloading 0 native plugins for Editor in 0.00 ms.
Mono: successfully reloaded assembly
- Completed reload, in 24.132 seconds
Registering precompiled user dll's ...
Registered in 0.057031 seconds.
Platform modules already initialized, skipping
Validating Project structure ... 0.000561 seconds.
Shader import version has changed; will reimport all shaders...
Upgrading shader files ...0.000526 seconds.
Begin MonoManager ReloadAssembly
Native extension for iOS target not found
Native extension for Android target not found
Native extension for WindowsStandalone target not found
Refreshing native plugins compatible for Editor in 0.22 ms, found 0 plugins.
Preloading 0 native plugins for Editor in 0.00 ms.
Mono: successfully reloaded assembly
- Completed reload, in  1.350 seconds
Platform modules already initialized, skipping
RefreshInfo: InitialScriptRefreshV2(NoUpdateAssetOptions)
RefreshProfiler: Total: 0.000ms
	InvokeBeforeRefreshCallbacks: 3500.057ms
	ApplyChangesToAssetFolders: 0.249ms
	WriteModifiedImportersToTextMetaFiles: 0.062ms
	CleanLegacyArtifacts: 0.000ms
	Scan: 0.000ms
	OnSourceAssetsModified: 52.235ms
	UnregisterDeletedAssets: 0.000ms
	InitializeImportedAssetsSnapshot: 0.000ms
	GetAllGuidsForCategorization: 3.846ms
	CategorizeAssets: 0.101ms
	ImportAndPostprocessOutOfDateAssets: 19.361ms (3380.049ms without children)
		ImportManagerImport: 3379.389ms (0.000ms without children)
			ImportInProcess: 0.000ms
			ImportOutOfProcess: 0.000ms
			UpdateCategorizedAssets: 0.000ms
			RemoteAssetCacheGetArtifact: 0.000ms (0.000ms without children)
				RemoteAssetCacheResolve: 0.000ms
				RemoteAssetCacheDownloadFile: 0.000ms
		CompileScripts: 0.000ms
		PostProcessAllAssets: 0.000ms
		ReloadImportedAssets: 0.000ms
		VerifyAssetsAreUpToDateAndCorrect: 0.000ms
		EnsureUptoDateAssetsAreRegisteredWithGuidPM: 0.000ms
		InitializingProgressBar: 0.164ms
		PostProcessAllAssetNotificationsAddChangedAssets: 0.000ms
		OnDemandSchedulerStart: 0.131ms
		RestoreLoadedAssetsState: 0.000ms
	InvokeProjectHasChanged: 0.364ms
	UpdateImportedAssetsSnapshot: 0.000ms
	ReloadSourceAssets: 0.000ms
	UnloadImportedAssets: 0.550ms
	Hotreload: 0.002ms
	FixTempGuids: 7.737ms
	VerifyGuidPMRegistrations: 0.006ms
	GatherAllCurrentPrimaryArtifactRevisions: 0.000ms
	UnloadStreamsBegin: 0.002ms
	LoadedImportedAssetsSnapshotReleaseGCHandles: 0.214ms
	GetLoadedSourceAssetsSnapshot: 0.002ms
	PersistCurrentRevisions: 0.469ms
	UnloadStreamsEnd: 0.000ms
	GenerateScriptTypeHashes: 7.509ms
Start importing Library/BuildPlayer.prefs using Guid(00000000000000005000000000000000) Importer(-1,00000000000000000000000000000000)
Done importing asset: 'Library/BuildPlayer.prefs' (target hash: 'fe3108a9ccf4ffdc149e560e6cf05620') in 0.088267 seconds
Refreshing native plugins compatible for Editor in 0.19 ms, found 0 plugins.
Preloading 0 native plugins for Editor in 0.00 ms.
Refresh completed in 0.385357 seconds.
RefreshInfo: RefreshV2(ForceSynchronousImport)
RefreshProfiler: Total: 0.000ms
	InvokeBeforeRefreshCallbacks: 385.337ms
	ApplyChangesToAssetFolders: 0.268ms
	WriteModifiedImportersToTextMetaFiles: 0.060ms
	CleanLegacyArtifacts: 0.000ms
	Scan: 0.000ms
	OnSourceAssetsModified: 53.240ms
	UnregisterDeletedAssets: 0.000ms
	InitializeImportedAssetsSnapshot: 0.000ms
	GetAllGuidsForCategorization: 3.758ms
	CategorizeAssets: 0.096ms
	ImportAndPostprocessOutOfDateAssets: 23.170ms (287.541ms without children)
		ImportManagerImport: 1.406ms (89.675ms without children)
			ImportInProcess: 1.106ms
			ImportOutOfProcess: 88.563ms
			UpdateCategorizedAssets: 0.000ms
			RemoteAssetCacheGetArtifact: 0.006ms (0.000ms without children)
				RemoteAssetCacheResolve: 0.000ms
				RemoteAssetCacheDownloadFile: 0.000ms
		CompileScripts: 0.000ms
		PostProcessAllAssets: 0.000ms
		ReloadImportedAssets: 193.353ms
		VerifyAssetsAreUpToDateAndCorrect: 0.001ms
		EnsureUptoDateAssetsAreRegisteredWithGuidPM: 0.000ms
		InitializingProgressBar: 0.130ms
		PostProcessAllAssetNotificationsAddChangedAssets: 0.001ms
		OnDemandSchedulerStart: 0.088ms
		RestoreLoadedAssetsState: 0.546ms
	InvokeProjectHasChanged: 0.635ms
	UpdateImportedAssetsSnapshot: 0.000ms
	ReloadSourceAssets: 1.706ms
	UnloadImportedAssets: 0.295ms
	Hotreload: 0.061ms
	FixTempGuids: 14.831ms
	VerifyGuidPMRegistrations: 0.005ms
	GatherAllCurrentPrimaryArtifactRevisions: 0.000ms
	UnloadStreamsBegin: 0.139ms
	LoadedImportedAssetsSnapshotReleaseGCHandles: 0.008ms
	GetLoadedSourceAssetsSnapshot: 0.580ms
	PersistCurrentRevisions: 1.687ms
	UnloadStreamsEnd: 0.000ms
	GenerateScriptTypeHashes: 0.045ms
RefreshInfo: StopAssetImportingV2(ForceSynchronousImport)
RefreshProfiler: Total: 0.000ms
	InvokeBeforeRefreshCallbacks: 39.317ms
	ApplyChangesToAssetFolders: 0.327ms
	WriteModifiedImportersToTextMetaFiles: 0.052ms
	CleanLegacyArtifacts: 0.000ms
	Scan: 0.000ms
	OnSourceAssetsModified: 35.082ms
	UnregisterDeletedAssets: 0.000ms
	InitializeImportedAssetsSnapshot: 0.000ms
	GetAllGuidsForCategorization: 2.111ms
	CategorizeAssets: 0.000ms
	ImportAndPostprocessOutOfDateAssets: 0.000ms (0.000ms without children)
		ImportManagerImport: 0.000ms (0.000ms without children)
			ImportInProcess: 0.000ms
			ImportOutOfProcess: 0.000ms
			UpdateCategorizedAssets: 0.000ms
			RemoteAssetCacheGetArtifact: 0.000ms (0.000ms without children)
				RemoteAssetCacheResolve: 0.000ms
				RemoteAssetCacheDownloadFile: 0.000ms
		CompileScripts: 0.000ms
		PostProcessAllAssets: 0.000ms
		ReloadImportedAssets: 0.000ms
		VerifyAssetsAreUpToDateAndCorrect: 0.000ms
		EnsureUptoDateAssetsAreRegisteredWithGuidPM: 0.000ms
		InitializingProgressBar: 0.000ms
		PostProcessAllAssetNotificationsAddChangedAssets: 0.000ms
		OnDemandSchedulerStart: 0.000ms
		RestoreLoadedAssetsState: 0.000ms
	InvokeProjectHasChanged: 0.000ms
	UpdateImportedAssetsSnapshot: 0.000ms
	ReloadSourceAssets: 0.000ms
	UnloadImportedAssets: 0.000ms
	Hotreload: 0.000ms
	FixTempGuids: 0.022ms
	VerifyGuidPMRegistrations: 0.005ms
	GatherAllCurrentPrimaryArtifactRevisions: 0.000ms
	UnloadStreamsBegin: 0.127ms
	LoadedImportedAssetsSnapshotReleaseGCHandles: 0.024ms
	GetLoadedSourceAssetsSnapshot: 0.592ms
	PersistCurrentRevisions: 0.359ms
	UnloadStreamsEnd: 0.000ms
	GenerateScriptTypeHashes: 0.008ms
Refresh completed in 0.076027 seconds.
RefreshInfo: RefreshV2(NoUpdateAssetOptions)
RefreshProfiler: Total: 0.000ms
	InvokeBeforeRefreshCallbacks: 76.013ms
	ApplyChangesToAssetFolders: 0.367ms
	WriteModifiedImportersToTextMetaFiles: 0.057ms
	CleanLegacyArtifacts: 0.000ms
	Scan: 0.000ms
	OnSourceAssetsModified: 44.538ms
	UnregisterDeletedAssets: 0.000ms
	InitializeImportedAssetsSnapshot: 0.000ms
	GetAllGuidsForCategorization: 3.001ms
	CategorizeAssets: 0.184ms
	ImportAndPostprocessOutOfDateAssets: 23.015ms (1.579ms without children)
		ImportManagerImport: 0.503ms (0.000ms without children)
			ImportInProcess: 0.000ms
			ImportOutOfProcess: 0.000ms
			UpdateCategorizedAssets: 0.000ms
			RemoteAssetCacheGetArtifact: 0.000ms (0.000ms without children)
				RemoteAssetCacheResolve: 0.000ms
				RemoteAssetCacheDownloadFile: 0.000ms
		CompileScripts: 0.000ms
		PostProcessAllAssets: 0.000ms
		ReloadImportedAssets: 0.000ms
		VerifyAssetsAreUpToDateAndCorrect: 0.000ms
		EnsureUptoDateAssetsAreRegisteredWithGuidPM: 0.000ms
		InitializingProgressBar: 0.134ms
		PostProcessAllAssetNotificationsAddChangedAssets: 0.000ms
		OnDemandSchedulerStart: 0.083ms
		RestoreLoadedAssetsState: 0.126ms
	InvokeProjectHasChanged: 0.733ms
	UpdateImportedAssetsSnapshot: 0.000ms
	ReloadSourceAssets: 0.000ms
	UnloadImportedAssets: 0.492ms
	Hotreload: 0.065ms
	FixTempGuids: 0.038ms
	VerifyGuidPMRegistrations: 0.004ms
	GatherAllCurrentPrimaryArtifactRevisions: 0.000ms
	UnloadStreamsBegin: 0.150ms
	LoadedImportedAssetsSnapshotReleaseGCHandles: 0.035ms
	GetLoadedSourceAssetsSnapshot: 0.606ms
	PersistCurrentRevisions: 1.436ms
	UnloadStreamsEnd: 0.000ms
	GenerateScriptTypeHashes: 0.008ms
Launched and connected shader compiler UnityShaderCompiler.exe after 0.16 seconds
Initializing Unity extensions:
 'D:/Rex_editor/Editor/Data/UnityExtensions/Unity/UnityVR/Editor/UnityEditor.VR.dll'  GUID: 4ba2329b63d54f0187bcaa12486b1b0f
Unloading 53 Unused Serialized files (Serialized files now loaded: 0)
Loaded scene 'Assets/Scenes/SampleScene.unity'
	Deserialize:            38.539 ms
	Integration:            171.988 ms
	Integration of assets:  0.010 ms
	Thread Wait Time:       10.392 ms
	Total Operation Time:   220.929 ms
System memory in use before: 50.9 MB.
System memory in use after: 50.2 MB.

Unloading 72 unused Assets to reduce memory usage. Loaded Objects now: 1775.
Total: 17.999100 ms (FindLiveObjects: 0.350000 ms CreateObjectMapping: 0.062300 ms MarkObjects: 16.682800 ms  DeleteObjects: 0.903100 ms)

[MODES] Loading mode Default (0) for mode-current-id-New Unity Project (6)
<RI> Initialized touch support.
<RI> Initialized touch support.
<RI> Initialized touch support.
<RI> Initialized touch support.
<RI> Initialized touch support.
<RI> Initialized touch support.
Batchmode quit successfully invoked - shutting down!
[Performance] WinEditorMain                                               :        1 samples, Peak.  4.51 s (1.0x), Avg.  4.51 s, Total. 4.511 s (10.1%)
[Performance] WinEditorMain.ConfigureCrashHandler                         :        1 samples, Peak.  34.9 us (1.0x), Avg.  34.9 us, Total. 34.90 us (0.0%)
[Performance] WinEditorMain.CurlRequestInitialize                         :        1 samples, Peak.  2.50 ms (1.0x), Avg.  2.50 ms, Total. 2.498 ms (0.0%)
[Performance] WinEditorMain.SetupLogFile                                  :        1 samples, Peak.   291 us (1.0x), Avg.   291 us, Total. 291.0 us (0.0%)
[Performance] WinEditorMain.RunNativeTestsIfRequiredAndExit               :        1 samples, Peak.  5.10 us (1.0x), Avg.  5.10 us, Total. 5.100 us (0.0%)
[Performance] WinEditorMain.Licensing                                     :        1 samples, Peak.  3.92 s (1.0x), Avg.  3.92 s, Total. 3.918 s (8.7%)
[Performance] WinEditorMain.InitializeCrashHandler                        :        1 samples, Peak.  19.0 ms (1.0x), Avg.  19.0 ms, Total. 19.05 ms (0.0%)
[Performance] WinEditorMain.CreateApplication                             :        1 samples, Peak.  41.9 ms (1.0x), Avg.  41.9 ms, Total. 41.89 ms (0.1%)
[Performance] Application.InitializeProject                               :        1 samples, Peak.  38.7 s (1.0x), Avg.  38.7 s, Total. 38.66 s (86.1%)
[Performance] Application.PackageManager.StartServer                      :        1 samples, Peak.   129 ms (1.0x), Avg.   129 ms, Total. 128.7 ms (0.3%)
[Performance] Application.IsBrowserCacheEmpty                             :        1 samples, Peak.   711 us (1.0x), Avg.   711 us, Total. 710.5 us (0.0%)
[Performance] Application.AcquireProjectLock                              :        1 samples, Peak.  10.9 ms (1.0x), Avg.  10.9 ms, Total. 10.91 ms (0.0%)
[Performance] Application.InitializeEngineNoGraphics                      :        1 samples, Peak.  1.62 s (1.0x), Avg.  1.62 s, Total. 1.617 s (3.6%)
[Performance] Application.PackageManager.Initialize                       :        1 samples, Peak.  91.6 ms (1.0x), Avg.  91.6 ms, Total. 91.60 ms (0.2%)
[Performance] CurlRequestCheck                                            :        1 samples, Peak.  61.9 ms (1.0x), Avg.  61.9 ms, Total. 61.94 ms (0.1%)
[Performance] PackageManager::RunRequestSynchronously                     :       15 samples, Peak.  15.6 ms (4.5x), Avg.  3.47 ms, Total. 51.98 ms (0.1%)
[Performance] Application.EngineGraphics.Initialize                       :        1 samples, Peak.   849 ms (1.0x), Avg.   849 ms, Total. 848.7 ms (1.9%)
[Performance] Application.GI.Initialize                                   :        1 samples, Peak.   850 ms (1.0x), Avg.   850 ms, Total. 850.2 ms (1.9%)
[Performance] Application.LoadAllDefaultResourcesFromEditor               :        1 samples, Peak.  27.6 ms (1.0x), Avg.  27.6 ms, Total. 27.59 ms (0.1%)
[Performance] Application.LoadMonoAssemblies                              :        1 samples, Peak.  24.3 s (1.0x), Avg.  24.3 s, Total. 24.28 s (54.1%)
[Performance] ProcessService.EditorAfterLoadAllAssemblies                 :        2 samples, Peak.  29.9 ms (1.0x), Avg.  29.8 ms, Total. 59.52 ms (0.1%)
[Performance] Application.ReadLicenseInfo                                 :        1 samples, Peak.  12.2 ms (1.0x), Avg.  12.2 ms, Total. 12.21 ms (0.0%)
[Performance] Application.InitialScriptRefresh                            :        1 samples, Peak.  3.52 s (1.0x), Avg.  3.52 s, Total. 3.520 s (7.8%)
[Performance] Application.AssetDatabase.Refresh                           :        1 samples, Peak.   386 ms (1.0x), Avg.   386 ms, Total. 385.5 ms (0.9%)
[Performance] BuildCatalog                                                :        1 samples, Peak.   124 ms (1.0x), Avg.   124 ms, Total. 123.7 ms (0.3%)
[Performance] Application.ImportAssetsWithMismatchingAssetImporterVersion :        1 samples, Peak.   565 ms (1.0x), Avg.   565 ms, Total. 564.9 ms (1.3%)
[Performance] Application.SyncCurrentColorSpace                           :        1 samples, Peak.   474 ms (1.0x), Avg.   474 ms, Total. 474.0 ms (1.1%)
[Performance] Application.OnUsbDevicesChanged                             :        1 samples, Peak.  37.1 ms (1.0x), Avg.  37.1 ms, Total. 37.08 ms (0.1%)
[Performance] Application.AssetInstanceCacheUpdate                        :        1 samples, Peak.   700 ns (1.0x), Avg.   700 ns, Total. 700.0 ns (0.0%)
[Performance] Application.UnityExtensions.Initialize                      :        1 samples, Peak.  1.70 ms (1.0x), Avg.  1.70 ms, Total. 1.704 ms (0.0%)
[Performance] Application.InitializeManagedCompilationPipeline            :        1 samples, Peak.   171 ms (1.0x), Avg.   171 ms, Total. 171.1 ms (0.4%)
[Performance] Application.ExecuteStartups                                 :        1 samples, Peak.  55.8 ms (1.0x), Avg.  55.8 ms, Total. 55.76 ms (0.1%)
[Performance] Application.RebuildOSMenu                                   :        1 samples, Peak.   163 ms (1.0x), Avg.   163 ms, Total. 163.0 ms (0.4%)
[Performance] UpdateAllMenus                                              :        1 samples, Peak.   138 ms (1.0x), Avg.   138 ms, Total. 138.0 ms (0.3%)
[Performance] Application.editorInitializingProject                       :        1 samples, Peak.   109 ms (1.0x), Avg.   109 ms, Total. 109.4 ms (0.2%)
[Performance] Application.RestoreLastOpenedScenes                         :        1 samples, Peak.  1.50 s (1.0x), Avg.  1.50 s, Total. 1.496 s (3.3%)
[Performance] Application.InvokeFinishedLoadingProject                    :        1 samples, Peak.  63.0 ms (1.0x), Avg.  63.0 ms, Total. 62.99 ms (0.1%)
[Performance] ProcessService.OnProjectLoaded                              :        1 samples, Peak.  58.8 ms (1.0x), Avg.  58.8 ms, Total. 58.80 ms (0.1%)
Setting up 6 worker threads for Enlighten.
  Thread -> id: 30c4 -> priority: 1 
  Thread -> id: 8ad4 -> priority: 1 
  Thread -> id: 931c -> priority: 1 
  Thread -> id: 4b2c -> priority: 1 
  Thread -> id: 4f04 -> priority: 1 
  Thread -> id: 204c -> priority: 1 
Cleanup mono
Exiting batchmode successfully now!
Exiting without the bug reporter. Application will terminate with return code 0